<?xml version="1.0" encoding="UTF-8"?>
<testsuite xmlns:xsi="http://www.w3.org/2001/XMLSchema-instance" xsi:noNamespaceSchemaLocation="https://maven.apache.org/surefire/maven-surefire-plugin/xsd/surefire-test-report.xsd" name="com.ocean.group.AppTest" time="0.026" tests="1" errors="0" skipped="0" failures="0">
  <properties>
    <property name="sun.desktop" value="windows"/>
    <property name="awt.toolkit" value="sun.awt.windows.WToolkit"/>
    <property name="file.encoding.pkg" value="sun.io"/>
    <property name="java.specification.version" value="1.8"/>
    <property name="sun.cpu.isalist" value="amd64"/>
    <property name="sun.jnu.encoding" value="GBK"/>
    <property name="java.class.path" value="E:\GITHUB\Maxwell\protal\protal\ocean_protal_service\target\test-classes;E:\GITHUB\Maxwell\protal\protal\ocean_protal_service\target\classes;E:\ideamaven\repo\m2\junit\junit\4.11\junit-4.11.jar;E:\ideamaven\repo\m2\org\hamcrest\hamcrest-core\1.3\hamcrest-core-1.3.jar;E:\ideamaven\repo\m2\com\ocean\group\ocean_protal_dao\1.0-SNAPSHOT\ocean_protal_dao-1.0-SNAPSHOT.jar;E:\ideamaven\repo\m2\com\ocean\group\ocean_protal_pojo\1.0-SNAPSHOT\ocean_protal_pojo-1.0-SNAPSHOT.jar;E:\ideamaven\repo\m2\com\ocean\group\ocean_common\1.0-SNAPSHOT\ocean_common-1.0-SNAPSHOT.jar;E:\ideamaven\repo\m2\com\fasterxml\jackson\core\jackson-databind\2.4.2\jackson-databind-2.4.2.jar;E:\ideamaven\repo\m2\com\fasterxml\jackson\core\jackson-annotations\2.4.0\jackson-annotations-2.4.0.jar;E:\ideamaven\repo\m2\com\fasterxml\jackson\core\jackson-core\2.4.2\jackson-core-2.4.2.jar;E:\ideamaven\repo\m2\joda-time\joda-time\2.5\joda-time-2.5.jar;E:\ideamaven\repo\m2\org\apache\commons\commons-lang3\3.3.2\commons-lang3-3.3.2.jar;E:\ideamaven\repo\m2\org\mybatis\mybatis\3.2.8\mybatis-3.2.8.jar;E:\ideamaven\repo\m2\com\github\abel533\mapper\2.3.4\mapper-2.3.4.jar;E:\ideamaven\repo\m2\javax\persistence\persistence-api\1.0\persistence-api-1.0.jar;E:\ideamaven\repo\m2\commons-beanutils\commons-beanutils\1.9.2\commons-beanutils-1.9.2.jar;E:\ideamaven\repo\m2\commons-collections\commons-collections\3.2.1\commons-collections-3.2.1.jar;E:\ideamaven\repo\m2\org\springframework\spring-context\4.1.3.RELEASE\spring-context-4.1.3.RELEASE.jar;E:\ideamaven\repo\m2\org\springframework\spring-aop\4.1.3.RELEASE\spring-aop-4.1.3.RELEASE.jar;E:\ideamaven\repo\m2\aopalliance\aopalliance\1.0\aopalliance-1.0.jar;E:\ideamaven\repo\m2\org\springframework\spring-core\4.1.3.RELEASE\spring-core-4.1.3.RELEASE.jar;E:\ideamaven\repo\m2\commons-logging\commons-logging\1.2\commons-logging-1.2.jar;E:\ideamaven\repo\m2\org\springframework\spring-expression\4.1.3.RELEASE\spring-expression-4.1.3.RELEASE.jar;E:\ideamaven\repo\m2\org\springframework\spring-beans\4.1.3.RELEASE\spring-beans-4.1.3.RELEASE.jar;E:\ideamaven\repo\m2\org\springframework\spring-webmvc\4.1.3.RELEASE\spring-webmvc-4.1.3.RELEASE.jar;E:\ideamaven\repo\m2\org\springframework\spring-web\4.1.3.RELEASE\spring-web-4.1.3.RELEASE.jar;E:\ideamaven\repo\m2\com\github\pagehelper\pagehelper\3.7.5\pagehelper-3.7.5.jar;E:\ideamaven\repo\m2\com\github\jsqlparser\jsqlparser\0.9.1\jsqlparser-0.9.1.jar;"/>
    <property name="java.vm.vendor" value="Oracle Corporation"/>
    <property name="sun.arch.data.model" value="64"/>
    <property name="user.variant" value=""/>
    <property name="java.vendor.url" value="http://java.oracle.com/"/>
    <property name="user.timezone" value="Asia/Shanghai"/>
    <property name="java.vm.specification.version" value="1.8"/>
    <property name="os.name" value="Windows 10"/>
    <property name="user.country" value="CN"/>
    <property name="sun.java.launcher" value="SUN_STANDARD"/>
    <property name="sun.boot.library.path" value="D:\JDK\8\jre\bin"/>
    <property name="sun.java.command" value="C:\Users\ADMINI~1\AppData\Local\Temp\surefire3118966460948796182\surefirebooter3140420268539391453.jar C:\Users\Administrator\AppData\Local\Temp\surefire3118966460948796182 2019-03-28T14-50-51_720-jvmRun1 surefire3638869692206911524tmp surefire_06282822669549195599tmp"/>
    <property name="surefire.test.class.path" value="E:\GITHUB\Maxwell\protal\protal\ocean_protal_service\target\test-classes;E:\GITHUB\Maxwell\protal\protal\ocean_protal_service\target\classes;E:\ideamaven\repo\m2\junit\junit\4.11\junit-4.11.jar;E:\ideamaven\repo\m2\org\hamcrest\hamcrest-core\1.3\hamcrest-core-1.3.jar;E:\ideamaven\repo\m2\com\ocean\group\ocean_protal_dao\1.0-SNAPSHOT\ocean_protal_dao-1.0-SNAPSHOT.jar;E:\ideamaven\repo\m2\com\ocean\group\ocean_protal_pojo\1.0-SNAPSHOT\ocean_protal_pojo-1.0-SNAPSHOT.jar;E:\ideamaven\repo\m2\com\ocean\group\ocean_common\1.0-SNAPSHOT\ocean_common-1.0-SNAPSHOT.jar;E:\ideamaven\repo\m2\com\fasterxml\jackson\core\jackson-databind\2.4.2\jackson-databind-2.4.2.jar;E:\ideamaven\repo\m2\com\fasterxml\jackson\core\jackson-annotations\2.4.0\jackson-annotations-2.4.0.jar;E:\ideamaven\repo\m2\com\fasterxml\jackson\core\jackson-core\2.4.2\jackson-core-2.4.2.jar;E:\ideamaven\repo\m2\joda-time\joda-time\2.5\joda-time-2.5.jar;E:\ideamaven\repo\m2\org\apache\commons\commons-lang3\3.3.2\commons-lang3-3.3.2.jar;E:\ideamaven\repo\m2\org\mybatis\mybatis\3.2.8\mybatis-3.2.8.jar;E:\ideamaven\repo\m2\com\github\abel533\mapper\2.3.4\mapper-2.3.4.jar;E:\ideamaven\repo\m2\javax\persistence\persistence-api\1.0\persistence-api-1.0.jar;E:\ideamaven\repo\m2\commons-beanutils\commons-beanutils\1.9.2\commons-beanutils-1.9.2.jar;E:\ideamaven\repo\m2\commons-collections\commons-collections\3.2.1\commons-collections-3.2.1.jar;E:\ideamaven\repo\m2\org\springframework\spring-context\4.1.3.RELEASE\spring-context-4.1.3.RELEASE.jar;E:\ideamaven\repo\m2\org\springframework\spring-aop\4.1.3.RELEASE\spring-aop-4.1.3.RELEASE.jar;E:\ideamaven\repo\m2\aopalliance\aopalliance\1.0\aopalliance-1.0.jar;E:\ideamaven\repo\m2\org\springframework\spring-core\4.1.3.RELEASE\spring-core-4.1.3.RELEASE.jar;E:\ideamaven\repo\m2\commons-logging\commons-logging\1.2\commons-logging-1.2.jar;E:\ideamaven\repo\m2\org\springframework\spring-expression\4.1.3.RELEASE\spring-expression-4.1.3.RELEASE.jar;E:\ideamaven\repo\m2\org\springframework\spring-beans\4.1.3.RELEASE\spring-beans-4.1.3.RELEASE.jar;E:\ideamaven\repo\m2\org\springframework\spring-webmvc\4.1.3.RELEASE\spring-webmvc-4.1.3.RELEASE.jar;E:\ideamaven\repo\m2\org\springframework\spring-web\4.1.3.RELEASE\spring-web-4.1.3.RELEASE.jar;E:\ideamaven\repo\m2\com\github\pagehelper\pagehelper\3.7.5\pagehelper-3.7.5.jar;E:\ideamaven\repo\m2\com\github\jsqlparser\jsqlparser\0.9.1\jsqlparser-0.9.1.jar;"/>
    <property name="sun.cpu.endian" value="little"/>
    <property name="user.home" value="C:\Users\Administrator"/>
    <property name="user.language" value="zh"/>
    <property name="java.specification.vendor" value="Oracle Corporation"/>
    <property name="java.home" value="D:\JDK\8\jre"/>
    <property name="basedir" value="E:\GITHUB\Maxwell\protal\protal\ocean_protal_service"/>
    <property name="file.separator" value="\"/>
    <property name="line.separator" value="&#10;"/>
    <property name="java.vm.specification.vendor" value="Oracle Corporation"/>
    <property name="java.specification.name" value="Java Platform API Specification"/>
    <property name="java.awt.graphicsenv" value="sun.awt.Win32GraphicsEnvironment"/>
    <property name="surefire.real.class.path" value="C:\Users\ADMINI~1\AppData\Local\Temp\surefire3118966460948796182\surefirebooter3140420268539391453.jar"/>
    <property name="sun.boot.class.path" value="D:\JDK\8\jre\lib\resources.jar;D:\JDK\8\jre\lib\rt.jar;D:\JDK\8\jre\lib\sunrsasign.jar;D:\JDK\8\jre\lib\jsse.jar;D:\JDK\8\jre\lib\jce.jar;D:\JDK\8\jre\lib\charsets.jar;D:\JDK\8\jre\lib\jfr.jar;D:\JDK\8\jre\classes"/>
    <property name="user.script" value=""/>
    <property name="sun.management.compiler" value="HotSpot 64-Bit Tiered Compilers"/>
    <property name="java.runtime.version" value="1.8.0_162-b12"/>
    <property name="user.name" value="Administrator"/>
    <property name="path.separator" value=";"/>
    <property name="os.version" value="10.0"/>
    <property name="java.endorsed.dirs" value="D:\JDK\8\jre\lib\endorsed"/>
    <property name="java.runtime.name" value="Java(TM) SE Runtime Environment"/>
    <property name="file.encoding" value="GBK"/>
    <property name="java.vm.name" value="Java HotSpot(TM) 64-Bit Server VM"/>
    <property name="localRepository" value="E:\ideamaven\repo\m2"/>
    <property name="java.vendor.url.bug" value="http://bugreport.sun.com/bugreport/"/>
    <property name="java.io.tmpdir" value="C:\Users\ADMINI~1\AppData\Local\Temp\"/>
    <property name="idea.version" value="2017.3.4"/>
    <property name="java.version" value="1.8.0_162"/>
    <property name="user.dir" value="E:\GITHUB\Maxwell\protal\protal\ocean_protal_service"/>
    <property name="os.arch" value="amd64"/>
    <property name="java.vm.specification.name" value="Java Virtual Machine Specification"/>
    <property name="java.awt.printerjob" value="sun.awt.windows.WPrinterJob"/>
    <property name="sun.os.patch.level" value=""/>
    <property name="java.library.path" value="D:\JDK\8\jre\bin;C:\WINDOWS\Sun\Java\bin;C:\WINDOWS\system32;C:\WINDOWS;E:\sky\xshell6\;E:\sky\oraclee\app\oracle\product\11.2.0\server\bin;&quot;C:\ProgramData\Oracle\Java\javapath;C:\Program Files\MYSQL\MYSQL Sever 5.7\bin&quot;;&quot;D:\JDK\8\bin;C:\ProgramData\Oracle\Java\javapath&quot;;C:\WINDOWS\system32;C:\WINDOWS;C:\WINDOWS\System32\Wbem;C:\WINDOWS\System32\WindowsPowerShell\v1.0\;C:\Program Files\dotnet\;C:\Program Files (x86)\Microsoft SQL Server\100\Tools\Binn\;C:\Program Files\Microsoft SQL Server\100\Tools\Binn\;C:\Program Files\Microsoft SQL Server\100\DTS\Binn\;C:\Program Files\Microsoft SQL Server\130\Tools\Binn\;E:\sky\MATLAB3\bin;D:\JDK\8\bin;E:\huohudownload\node-v8.11.3-win-x64\node-v8.11.3-win-x64;E:\software\node;E:\sky\maven\apache-maven-3.5.4\bin;E:\software\node\;D:\Program Files\Tomcat\bin;D:\Program Files\Oracle;E:\sky\tortoise\bin;E:\sky\git\Git\bin;E:\sky\pythonjieshiqi\Scripts\;E:\sky\pythonjieshiqi\;C:\Users\Administrator\AppData\Local\Microsoft\WindowsApps;E:\sky\vscode\Microsoft VS Code\bin;C:\Users\Administrator\AppData\Local\GitHubDesktop\bin;C:\Users\Administrator\AppData\Roaming\npm;E:\sky\bandizip\;E:\sky\AIDEA201835\IntelliJ IDEA 2018.3.5\bin;;."/>
    <property name="java.vm.info" value="mixed mode"/>
    <property name="java.vendor" value="Oracle Corporation"/>
    <property name="java.vm.version" value="25.162-b12"/>
    <property name="java.ext.dirs" value="D:\JDK\8\jre\lib\ext;C:\WINDOWS\Sun\Java\lib\ext"/>
    <property name="sun.io.unicode.encoding" value="UnicodeLittle"/>
    <property name="maven.repo.local" value="E:\ideamaven\repo\m2"/>
    <property name="java.class.version" value="52.0"/>
  </properties>
  <testcase name="shouldAnswerWithTrue" classname="com.ocean.group.AppTest" time="0.001"/>
</testsuite>